<?xml version="1.0" encoding="UTF-8"?>
<!-- Generated by org.testng.reporters.JUnitXMLReporter -->
<testsuite hostname="DESKTOP-R4959BB" ignored="0" name="Test" tests="14" failures="2" timestamp="2021-03-06T20:19:33 IST" time="26.63" errors="0">
  <testcase name="testFB" time="3.129" classname="testng.P2"/>
  <testcase name="testGoogle" time="2.995" classname="testng.P2"/>
  <testcase name="apple" time="0.003" classname="testng.P1"/>
  <testcase name="apple" time="0.003" classname="testng.P1"/>
  <testcase name="banana" time="0.003" classname="testng.P1"/>
  <testcase name="banana" time="0.001" classname="testng.P1"/>
  <testcase name="banana" time="0.001" classname="testng.P1"/>
  <testcase name="zebra" time="0.001" classname="testng.P1"/>
  <testcase name="zebra" time="0.002" classname="testng.P1"/>
  <testcase name="zebra" time="0.004" classname="testng.P1"/>
  <testcase name="zebra" time="0.001" classname="testng.P1"/>
  <testcase name="zebra" time="0.003" classname="testng.P1"/>
  <testcase name="test1" time="5.574" classname="testng.P4">
    <failure type="java.lang.AssertionError" message="The following asserts failed:
	expected [Firefox] but found [Google]">
      <![CDATA[java.lang.AssertionError: The following asserts failed:
expected [Firefox] but found [Google]
at testng.P4.test1(P4.java:27)
at java.util.ArrayList.forEach(ArrayList.java:1257)
... Removed 29 stack frames]]>
    </failure>
  </testcase> <!-- test1 -->
  <testcase name="test1" time="5.518" classname="testng.P3">
    <failure type="java.lang.AssertionError" message="expected [Firefox] but found [Google]">
      <![CDATA[java.lang.AssertionError: expected [Firefox] but found [Google]
at testng.P3.test1(P3.java:21)
at java.util.ArrayList.forEach(ArrayList.java:1257)
... Removed 33 stack frames]]>
    </failure>
  </testcase> <!-- test1 -->
</testsuite> <!-- Test -->
