<?xml version="1.0" encoding="UTF-8"?>
<!-- Generated by org.testng.reporters.JUnitReportReporter -->
<testsuite skipped="0" hostname="DESKTOP-R4959BB" name="testng.P2" tests="2" failures="0" timestamp="2021-03-06T20:19:33 IST" time="15.381" errors="0">
  <testcase name="testGoogle" time="8.274" classname="testng.P2"/>
  <system-out>
Google  </system-out>
  <testcase name="testFB" time="7.107" classname="testng.P2"/>
  <system-out>
Facebook – log in or sign up  </system-out>
</testsuite> <!-- testng.P2 -->
